app/build/intermediates/manifest_merge_blame_file/debug/manifest-merger-blame-debug-report.txt
1<?xml version="1.0" encoding="utf-8"?>
2<manifest xmlns:android="http://schemas.android.com/apk/res/android"
3    package="com.sdei.chafte"
4    android:versionCode="1"
5    android:versionName="1.0" >
6
7    <uses-sdk
8        android:minSdkVersion="23"
8-->src/main/AndroidManifest.xml
9        android:targetSdkVersion="31" />
9-->src/main/AndroidManifest.xml
10
11    <uses-permission android:name="android.permission.INTERNET" />
11-->src/main/AndroidManifest.xml:6:5-67
11-->src/main/AndroidManifest.xml:6:22-64
12    <uses-permission android:name="android.permission.ACCESS_NETWORK_STATE" />
12-->src/main/AndroidManifest.xml:7:5-79
12-->src/main/AndroidManifest.xml:7:22-76
13    <uses-permission android:name="android.permission.RECEIVE_BOOT_COMPLETED" />
13-->src/main/AndroidManifest.xml:8:5-81
13-->src/main/AndroidManifest.xml:8:22-78
14    <uses-permission android:name="android.permission.READ_EXTERNAL_STORAGE" />
14-->src/main/AndroidManifest.xml:9:5-80
14-->src/main/AndroidManifest.xml:9:22-77
15    <uses-permission android:name="android.permission.WRITE_EXTERNAL_STORAGE" />
15-->src/main/AndroidManifest.xml:10:5-81
15-->src/main/AndroidManifest.xml:10:22-78
16    <uses-permission android:name="android.permission.CAMERA" />
16-->src/main/AndroidManifest.xml:11:5-65
16-->src/main/AndroidManifest.xml:11:22-62
17    <uses-permission android:name="android.permission.READ_CALENDAR" />
17-->src/main/AndroidManifest.xml:12:5-72
17-->src/main/AndroidManifest.xml:12:22-69
18    <uses-permission android:name="android.permission.WRITE_CALENDAR" />
18-->src/main/AndroidManifest.xml:13:5-73
18-->src/main/AndroidManifest.xml:13:22-70
19    <uses-permission android:name="android.permission.WAKE_LOCK" />
19-->[com.google.android.gms:play-services-measurement-api:20.1.2] AndroidManifest.xml:24:5-68
19-->[com.google.android.gms:play-services-measurement-api:20.1.2] AndroidManifest.xml:24:22-65
20    <uses-permission android:name="com.google.android.gms.permission.AD_ID" />
20-->[com.google.android.gms:play-services-measurement-api:20.1.2] AndroidManifest.xml:25:5-79
20-->[com.google.android.gms:play-services-measurement-api:20.1.2] AndroidManifest.xml:25:22-76
21    <uses-permission android:name="com.google.android.finsky.permission.BIND_GET_INSTALL_REFERRER_SERVICE" />
21-->[com.google.android.gms:play-services-measurement:20.1.2] AndroidManifest.xml:26:5-110
21-->[com.google.android.gms:play-services-measurement:20.1.2] AndroidManifest.xml:26:22-107
22
23    <application
23-->src/main/AndroidManifest.xml:15:5-106:19
24        android:name="com.sdei.chafte.utils.base.BaseApplication"
24-->src/main/AndroidManifest.xml:16:9-51
25        android:allowBackup="false"
25-->src/main/AndroidManifest.xml:17:9-36
26        android:allowClearUserData="true"
26-->src/main/AndroidManifest.xml:18:9-42
27        android:appComponentFactory="androidx.core.app.CoreComponentFactory"
27-->[androidx.core:core:1.7.0] AndroidManifest.xml:24:18-86
28        android:debuggable="true"
29        android:extractNativeLibs="false"
30        android:icon="@mipmap/app_icon"
30-->src/main/AndroidManifest.xml:19:9-40
31        android:label="@string/app_name"
31-->src/main/AndroidManifest.xml:20:9-41
32        android:largeHeap="true"
32-->src/main/AndroidManifest.xml:21:9-33
33        android:roundIcon="@mipmap/app_icon"
33-->src/main/AndroidManifest.xml:22:9-45
34        android:supportsRtl="true"
34-->src/main/AndroidManifest.xml:23:9-35
35        android:testOnly="true"
36        android:theme="@style/AppTheme"
36-->src/main/AndroidManifest.xml:24:9-40
37        android:usesCleartextTraffic="true" >
37-->src/main/AndroidManifest.xml:25:9-44
38        <activity
38-->src/main/AndroidManifest.xml:27:9-29:40
39            android:name="com.sdei.chafte.ui.home.notification.NotificationActivity"
39-->src/main/AndroidManifest.xml:28:13-70
40            android:exported="false" />
40-->src/main/AndroidManifest.xml:29:13-37
41        <activity
41-->src/main/AndroidManifest.xml:30:9-32:40
42            android:name="com.sdei.chafte.ui.home.edit_profile.AboutEditActivity"
42-->src/main/AndroidManifest.xml:31:13-67
43            android:exported="false" />
43-->src/main/AndroidManifest.xml:32:13-37
44        <activity
44-->src/main/AndroidManifest.xml:33:9-35:40
45            android:name="com.sdei.chafte.ui.home.filter.FilterActivity"
45-->src/main/AndroidManifest.xml:34:13-58
46            android:exported="false" />
46-->src/main/AndroidManifest.xml:35:13-37
47        <activity
47-->src/main/AndroidManifest.xml:36:9-38:40
48            android:name="com.sdei.chafte.ui.home.message.chat.ChatActivity"
48-->src/main/AndroidManifest.xml:37:13-62
49            android:exported="false" />
49-->src/main/AndroidManifest.xml:38:13-37
50        <activity
50-->src/main/AndroidManifest.xml:40:9-42:40
51            android:name="com.sdei.chafte.ui.home.setting.webview.WebViewActivity"
51-->src/main/AndroidManifest.xml:41:13-68
52            android:exported="false" />
52-->src/main/AndroidManifest.xml:42:13-37
53        <activity
53-->src/main/AndroidManifest.xml:43:9-45:40
54            android:name="com.sdei.chafte.ui.home.setting.SettingActivity"
54-->src/main/AndroidManifest.xml:44:13-60
55            android:exported="false" />
55-->src/main/AndroidManifest.xml:45:13-37
56        <activity
56-->src/main/AndroidManifest.xml:46:9-48:40
57            android:name="com.sdei.chafte.ui.home.create_event.CreateEventActivity"
57-->src/main/AndroidManifest.xml:47:13-69
58            android:exported="false" />
58-->src/main/AndroidManifest.xml:48:13-37
59        <activity
59-->src/main/AndroidManifest.xml:49:9-51:40
60            android:name="com.sdei.chafte.ui.home.setting.friendlist.FriendListActivity"
60-->src/main/AndroidManifest.xml:50:13-74
61            android:exported="false" />
61-->src/main/AndroidManifest.xml:51:13-37
62        <activity
62-->src/main/AndroidManifest.xml:52:9-54:40
63            android:name="com.sdei.chafte.ui.home.event_detail.EventDetailsActivity"
63-->src/main/AndroidManifest.xml:53:13-70
64            android:exported="false" />
64-->src/main/AndroidManifest.xml:54:13-37
65
66        <meta-data
66-->src/main/AndroidManifest.xml:56:9-58:55
67            android:name="com.facebook.sdk.ApplicationId"
67-->src/main/AndroidManifest.xml:57:13-58
68            android:value="@string/facebook_app_id" />
68-->src/main/AndroidManifest.xml:58:13-52
69        <meta-data
69-->src/main/AndroidManifest.xml:59:9-61:61
70            android:name="com.facebook.sdk.ClientToken"
70-->src/main/AndroidManifest.xml:60:13-56
71            android:value="@string/facebook_client_token" />
71-->src/main/AndroidManifest.xml:61:13-58
72
73        <activity
73-->src/main/AndroidManifest.xml:63:9-64:58
74            android:name="com.theartofdev.edmodo.cropper.CropImageActivity"
74-->src/main/AndroidManifest.xml:63:19-82
75            android:theme="@style/Base.Theme.AppCompat" />
75-->src/main/AndroidManifest.xml:64:13-56
76        <activity android:name="com.sdei.chafte.ui.home.HomeActivity" />
76-->src/main/AndroidManifest.xml:66:9-58
76-->src/main/AndroidManifest.xml:66:19-55
77        <activity android:name="com.sdei.chafte.ui.authentication.registration.RegistrationActivity" />
77-->src/main/AndroidManifest.xml:67:9-89
77-->src/main/AndroidManifest.xml:67:19-86
78        <activity android:name="com.sdei.chafte.ui.authentication.registration.CompleteRegistrationActivity" />
78-->src/main/AndroidManifest.xml:68:9-97
78-->src/main/AndroidManifest.xml:68:19-94
79        <activity android:name="com.sdei.chafte.ui.authentication.forgot_password.ForgotPasswordActivity" />
79-->src/main/AndroidManifest.xml:69:9-94
79-->src/main/AndroidManifest.xml:69:19-91
80        <activity android:name="com.sdei.chafte.ui.home.setting.my_events.ViewUserProfileActivity" />
80-->src/main/AndroidManifest.xml:70:9-87
80-->src/main/AndroidManifest.xml:70:19-84
81        <activity android:name="com.sdei.chafte.ui.authentication.AuthenticationActivity" >
81-->src/main/AndroidManifest.xml:71:9-81:20
81-->src/main/AndroidManifest.xml:71:19-75
82
83            <!--
84              <intent-filter>
85                  <action android:name="android.intent.action.MAIN" />
86                  <action android:name="android.intent.action.VIEW" />
87
88                  <category android:name="android.intent.category.LAUNCHER" />
89              </intent-filter>
90            -->
91        </activity>
92        <activity
92-->src/main/AndroidManifest.xml:82:9-91:20
93            android:name="com.sdei.chafte.ui.authentication.splash.SplashActivity"
93-->src/main/AndroidManifest.xml:83:13-68
94            android:exported="true" >
94-->src/main/AndroidManifest.xml:84:13-36
95            <intent-filter>
95-->src/main/AndroidManifest.xml:85:13-90:29
96                <action android:name="android.intent.action.MAIN" />
96-->src/main/AndroidManifest.xml:86:17-69
96-->src/main/AndroidManifest.xml:86:25-66
97                <action android:name="android.intent.action.VIEW" />
97-->src/main/AndroidManifest.xml:87:17-69
97-->src/main/AndroidManifest.xml:87:25-66
98
99                <category android:name="android.intent.category.LAUNCHER" />
99-->src/main/AndroidManifest.xml:89:17-77
99-->src/main/AndroidManifest.xml:89:27-74
100            </intent-filter>
101        </activity>
102
103        <provider
103-->src/main/AndroidManifest.xml:93:9-101:20
104            android:name="androidx.core.content.FileProvider"
104-->src/main/AndroidManifest.xml:94:13-62
105            android:authorities="com.sdei.chafte.provider"
105-->src/main/AndroidManifest.xml:95:13-59
106            android:exported="false"
106-->src/main/AndroidManifest.xml:96:13-37
107            android:grantUriPermissions="true" >
107-->src/main/AndroidManifest.xml:97:13-47
108            <meta-data
108-->src/main/AndroidManifest.xml:98:13-100:58
109                android:name="android.support.FILE_PROVIDER_PATHS"
109-->src/main/AndroidManifest.xml:99:17-67
110                android:resource="@xml/provider_paths" />
110-->src/main/AndroidManifest.xml:100:17-55
111        </provider> <!-- Define your service, make sure to add the permission! -->
112        <service
112-->src/main/AndroidManifest.xml:102:9-105:72
113            android:name="com.sdei.chafte.repository.networkcheck.NetworkSchedulerService"
113-->src/main/AndroidManifest.xml:103:13-76
114            android:exported="true"
114-->src/main/AndroidManifest.xml:104:13-36
115            android:permission="android.permission.BIND_JOB_SERVICE" />
115-->src/main/AndroidManifest.xml:105:13-69
116        <service
116-->[com.google.firebase:firebase-analytics-ktx:20.1.2] AndroidManifest.xml:8:9-14:19
117            android:name="com.google.firebase.components.ComponentDiscoveryService"
117-->[com.google.firebase:firebase-analytics-ktx:20.1.2] AndroidManifest.xml:9:13-84
118            android:directBootAware="true"
118-->[com.google.firebase:firebase-common:20.1.0] AndroidManifest.xml:35:13-43
119            android:exported="false" >
119-->[com.google.firebase:firebase-analytics-ktx:20.1.2] AndroidManifest.xml:10:13-37
120            <meta-data
120-->[com.google.firebase:firebase-analytics-ktx:20.1.2] AndroidManifest.xml:11:13-13:85
121                android:name="com.google.firebase.components:com.google.firebase.analytics.ktx.FirebaseAnalyticsKtxRegistrar"
121-->[com.google.firebase:firebase-analytics-ktx:20.1.2] AndroidManifest.xml:12:17-126
122                android:value="com.google.firebase.components.ComponentRegistrar" />
122-->[com.google.firebase:firebase-analytics-ktx:20.1.2] AndroidManifest.xml:13:17-82
123            <meta-data
123-->[com.google.firebase:firebase-common-ktx:20.1.0] AndroidManifest.xml:15:13-17:85
124                android:name="com.google.firebase.components:com.google.firebase.ktx.FirebaseCommonKtxRegistrar"
124-->[com.google.firebase:firebase-common-ktx:20.1.0] AndroidManifest.xml:16:17-113
125                android:value="com.google.firebase.components.ComponentRegistrar" />
125-->[com.google.firebase:firebase-common-ktx:20.1.0] AndroidManifest.xml:17:17-82
126            <meta-data
126-->[com.google.android.gms:play-services-measurement-api:20.1.2] AndroidManifest.xml:31:13-33:85
127                android:name="com.google.firebase.components:com.google.firebase.analytics.connector.internal.AnalyticsConnectorRegistrar"
127-->[com.google.android.gms:play-services-measurement-api:20.1.2] AndroidManifest.xml:32:17-139
128                android:value="com.google.firebase.components.ComponentRegistrar" />
128-->[com.google.android.gms:play-services-measurement-api:20.1.2] AndroidManifest.xml:33:17-82
129            <meta-data
129-->[com.google.firebase:firebase-installations:17.0.1] AndroidManifest.xml:18:13-20:85
130                android:name="com.google.firebase.components:com.google.firebase.installations.FirebaseInstallationsRegistrar"
130-->[com.google.firebase:firebase-installations:17.0.1] AndroidManifest.xml:19:17-127
131                android:value="com.google.firebase.components.ComponentRegistrar" />
131-->[com.google.firebase:firebase-installations:17.0.1] AndroidManifest.xml:20:17-82
132        </service>
133
134        <activity
134-->[com.karumi:dexter:5.0.0] AndroidManifest.xml:27:9-29:72
135            android:name="com.karumi.dexter.DexterActivity"
135-->[com.karumi:dexter:5.0.0] AndroidManifest.xml:28:13-60
136            android:theme="@style/Dexter.Internal.Theme.Transparent" />
136-->[com.karumi:dexter:5.0.0] AndroidManifest.xml:29:13-69
137        <activity
137-->[net.alhazmy13.MediaPicker:libary:2.4.4] AndroidManifest.xml:15:9-17:66
138            android:name="net.alhazmy13.mediapicker.Image.ImageActivity"
138-->[net.alhazmy13.MediaPicker:libary:2.4.4] AndroidManifest.xml:16:13-73
139            android:theme="@style/Theme.AppCompat.Translucent" />
139-->[net.alhazmy13.MediaPicker:libary:2.4.4] AndroidManifest.xml:17:13-63
140        <activity
140-->[net.alhazmy13.MediaPicker:libary:2.4.4] AndroidManifest.xml:18:9-20:66
141            android:name="net.alhazmy13.mediapicker.Video.VideoActivity"
141-->[net.alhazmy13.MediaPicker:libary:2.4.4] AndroidManifest.xml:19:13-73
142            android:theme="@style/Theme.AppCompat.Translucent" />
142-->[net.alhazmy13.MediaPicker:libary:2.4.4] AndroidManifest.xml:20:13-63
143        <activity
143-->[com.facebook.android:facebook-common:4.39.0] AndroidManifest.xml:29:9-32:66
144            android:name="com.facebook.FacebookActivity"
144-->[com.facebook.android:facebook-common:4.39.0] AndroidManifest.xml:30:13-57
145            android:configChanges="keyboard|keyboardHidden|screenLayout|screenSize|orientation"
145-->[com.facebook.android:facebook-common:4.39.0] AndroidManifest.xml:31:13-96
146            android:theme="@style/com_facebook_activity_theme" />
146-->[com.facebook.android:facebook-common:4.39.0] AndroidManifest.xml:32:13-63
147        <activity android:name="com.facebook.CustomTabMainActivity" />
147-->[com.facebook.android:facebook-common:4.39.0] AndroidManifest.xml:33:9-71
147-->[com.facebook.android:facebook-common:4.39.0] AndroidManifest.xml:33:19-68
148        <activity android:name="com.facebook.CustomTabActivity" />
148-->[com.facebook.android:facebook-common:4.39.0] AndroidManifest.xml:34:9-67
148-->[com.facebook.android:facebook-common:4.39.0] AndroidManifest.xml:34:19-64
149        <activity
149-->[com.google.android.gms:play-services-auth:20.2.0] AndroidManifest.xml:23:9-27:75
150            android:name="com.google.android.gms.auth.api.signin.internal.SignInHubActivity"
150-->[com.google.android.gms:play-services-auth:20.2.0] AndroidManifest.xml:24:13-93
151            android:excludeFromRecents="true"
151-->[com.google.android.gms:play-services-auth:20.2.0] AndroidManifest.xml:25:13-46
152            android:exported="false"
152-->[com.google.android.gms:play-services-auth:20.2.0] AndroidManifest.xml:26:13-37
153            android:theme="@android:style/Theme.Translucent.NoTitleBar" />
153-->[com.google.android.gms:play-services-auth:20.2.0] AndroidManifest.xml:27:13-72
154        <!--
155            Service handling Google Sign-In user revocation. For apps that do not integrate with
156            Google Sign-In, this service will never be started.
157        -->
158        <service
158-->[com.google.android.gms:play-services-auth:20.2.0] AndroidManifest.xml:33:9-37:51
159            android:name="com.google.android.gms.auth.api.signin.RevocationBoundService"
159-->[com.google.android.gms:play-services-auth:20.2.0] AndroidManifest.xml:34:13-89
160            android:exported="true"
160-->[com.google.android.gms:play-services-auth:20.2.0] AndroidManifest.xml:35:13-36
161            android:permission="com.google.android.gms.auth.api.signin.permission.REVOCATION_NOTIFICATION"
161-->[com.google.android.gms:play-services-auth:20.2.0] AndroidManifest.xml:36:13-107
162            android:visibleToInstantApps="true" />
162-->[com.google.android.gms:play-services-auth:20.2.0] AndroidManifest.xml:37:13-48
163
164        <activity
164-->[com.google.android.gms:play-services-base:18.0.1] AndroidManifest.xml:20:9-22:45
165            android:name="com.google.android.gms.common.api.GoogleApiActivity"
165-->[com.google.android.gms:play-services-base:18.0.1] AndroidManifest.xml:20:19-85
166            android:exported="false"
166-->[com.google.android.gms:play-services-base:18.0.1] AndroidManifest.xml:22:19-43
167            android:theme="@android:style/Theme.Translucent.NoTitleBar" />
167-->[com.google.android.gms:play-services-base:18.0.1] AndroidManifest.xml:21:19-78
168
169        <provider
169-->[com.google.firebase:firebase-common:20.1.0] AndroidManifest.xml:26:9-31:39
170            android:name="com.google.firebase.provider.FirebaseInitProvider"
170-->[com.google.firebase:firebase-common:20.1.0] AndroidManifest.xml:27:13-77
171            android:authorities="com.sdei.chafte.firebaseinitprovider"
171-->[com.google.firebase:firebase-common:20.1.0] AndroidManifest.xml:28:13-72
172            android:directBootAware="true"
172-->[com.google.firebase:firebase-common:20.1.0] AndroidManifest.xml:29:13-43
173            android:exported="false"
173-->[com.google.firebase:firebase-common:20.1.0] AndroidManifest.xml:30:13-37
174            android:initOrder="100" />
174-->[com.google.firebase:firebase-common:20.1.0] AndroidManifest.xml:31:13-36
175
176        <receiver
176-->[com.google.android.gms:play-services-measurement:20.1.2] AndroidManifest.xml:29:9-33:20
177            android:name="com.google.android.gms.measurement.AppMeasurementReceiver"
177-->[com.google.android.gms:play-services-measurement:20.1.2] AndroidManifest.xml:30:13-85
178            android:enabled="true"
178-->[com.google.android.gms:play-services-measurement:20.1.2] AndroidManifest.xml:31:13-35
179            android:exported="false" >
179-->[com.google.android.gms:play-services-measurement:20.1.2] AndroidManifest.xml:32:13-37
180        </receiver>
181
182        <service
182-->[com.google.android.gms:play-services-measurement:20.1.2] AndroidManifest.xml:35:9-38:40
183            android:name="com.google.android.gms.measurement.AppMeasurementService"
183-->[com.google.android.gms:play-services-measurement:20.1.2] AndroidManifest.xml:36:13-84
184            android:enabled="true"
184-->[com.google.android.gms:play-services-measurement:20.1.2] AndroidManifest.xml:37:13-35
185            android:exported="false" />
185-->[com.google.android.gms:play-services-measurement:20.1.2] AndroidManifest.xml:38:13-37
186        <service
186-->[com.google.android.gms:play-services-measurement:20.1.2] AndroidManifest.xml:39:9-43:72
187            android:name="com.google.android.gms.measurement.AppMeasurementJobService"
187-->[com.google.android.gms:play-services-measurement:20.1.2] AndroidManifest.xml:40:13-87
188            android:enabled="true"
188-->[com.google.android.gms:play-services-measurement:20.1.2] AndroidManifest.xml:41:13-35
189            android:exported="false"
189-->[com.google.android.gms:play-services-measurement:20.1.2] AndroidManifest.xml:42:13-37
190            android:permission="android.permission.BIND_JOB_SERVICE" />
190-->[com.google.android.gms:play-services-measurement:20.1.2] AndroidManifest.xml:43:13-69
191
192        <meta-data
192-->[com.google.android.gms:play-services-basement:18.0.0] AndroidManifest.xml:21:9-23:69
193            android:name="com.google.android.gms.version"
193-->[com.google.android.gms:play-services-basement:18.0.0] AndroidManifest.xml:22:13-58
194            android:value="@integer/google_play_services_version" />
194-->[com.google.android.gms:play-services-basement:18.0.0] AndroidManifest.xml:23:13-66
195
196        <provider
196-->[androidx.emoji2:emoji2:1.0.0] AndroidManifest.xml:26:9-34:20
197            android:name="androidx.startup.InitializationProvider"
197-->[androidx.emoji2:emoji2:1.0.0] AndroidManifest.xml:27:13-67
198            android:authorities="com.sdei.chafte.androidx-startup"
198-->[androidx.emoji2:emoji2:1.0.0] AndroidManifest.xml:28:13-68
199            android:exported="false" >
199-->[androidx.emoji2:emoji2:1.0.0] AndroidManifest.xml:29:13-37
200            <meta-data
200-->[androidx.emoji2:emoji2:1.0.0] AndroidManifest.xml:31:13-33:52
201                android:name="androidx.emoji2.text.EmojiCompatInitializer"
201-->[androidx.emoji2:emoji2:1.0.0] AndroidManifest.xml:32:17-75
202                android:value="androidx.startup" />
202-->[androidx.emoji2:emoji2:1.0.0] AndroidManifest.xml:33:17-49
203            <meta-data
203-->[androidx.lifecycle:lifecycle-process:2.4.0] AndroidManifest.xml:31:13-33:52
204                android:name="androidx.lifecycle.ProcessLifecycleInitializer"
204-->[androidx.lifecycle:lifecycle-process:2.4.0] AndroidManifest.xml:32:17-78
205                android:value="androidx.startup" />
205-->[androidx.lifecycle:lifecycle-process:2.4.0] AndroidManifest.xml:33:17-49
206        </provider>
207        <provider
207-->[com.facebook.android:facebook-marketing:4.39.0] AndroidManifest.xml:29:9-32:40
208            android:name="com.facebook.marketing.internal.MarketingInitProvider"
208-->[com.facebook.android:facebook-marketing:4.39.0] AndroidManifest.xml:30:13-81
209            android:authorities="com.sdei.chafte.MarketingInitProvider"
209-->[com.facebook.android:facebook-marketing:4.39.0] AndroidManifest.xml:31:13-73
210            android:exported="false" />
210-->[com.facebook.android:facebook-marketing:4.39.0] AndroidManifest.xml:32:13-37
211        <!--
212         The initialization ContentProvider will call FacebookSdk.sdkInitialize automatically
213         with the application context. This config is merged in with the host app's manifest,
214         but there can only be one provider with the same authority activated at any given
215         point; so if the end user has two or more different apps that use Facebook SDK, only the
216         first one will be able to use the provider. To work around this problem, we use the
217         following placeholder in the authority to identify each host application as if it was
218         a completely different provider.
219        -->
220        <provider
220-->[com.facebook.android:facebook-core:4.39.0] AndroidManifest.xml:39:9-42:40
221            android:name="com.facebook.internal.FacebookInitProvider"
221-->[com.facebook.android:facebook-core:4.39.0] AndroidManifest.xml:40:13-70
222            android:authorities="com.sdei.chafte.FacebookInitProvider"
222-->[com.facebook.android:facebook-core:4.39.0] AndroidManifest.xml:41:13-72
223            android:exported="false" />
223-->[com.facebook.android:facebook-core:4.39.0] AndroidManifest.xml:42:13-37
224
225        <receiver
225-->[com.facebook.android:facebook-core:4.39.0] AndroidManifest.xml:44:9-50:20
226            android:name="com.facebook.CurrentAccessTokenExpirationBroadcastReceiver"
226-->[com.facebook.android:facebook-core:4.39.0] AndroidManifest.xml:45:13-86
227            android:exported="false" >
227-->[com.facebook.android:facebook-core:4.39.0] AndroidManifest.xml:46:13-37
228            <intent-filter>
228-->[com.facebook.android:facebook-core:4.39.0] AndroidManifest.xml:47:13-49:29
229                <action android:name="com.facebook.sdk.ACTION_CURRENT_ACCESS_TOKEN_CHANGED" />
229-->[com.facebook.android:facebook-core:4.39.0] AndroidManifest.xml:48:17-95
229-->[com.facebook.android:facebook-core:4.39.0] AndroidManifest.xml:48:25-92
230            </intent-filter>
231        </receiver>
232
233        <service
233-->[androidx.room:room-runtime:2.2.2] AndroidManifest.xml:25:9-27:40
234            android:name="androidx.room.MultiInstanceInvalidationService"
234-->[androidx.room:room-runtime:2.2.2] AndroidManifest.xml:26:13-74
235            android:exported="false" />
235-->[androidx.room:room-runtime:2.2.2] AndroidManifest.xml:27:13-37
236
237        <provider
237-->[com.squareup.picasso:picasso:2.71828] AndroidManifest.xml:8:9-11:40
238            android:name="com.squareup.picasso.PicassoProvider"
238-->[com.squareup.picasso:picasso:2.71828] AndroidManifest.xml:9:13-64
239            android:authorities="com.sdei.chafte.com.squareup.picasso"
239-->[com.squareup.picasso:picasso:2.71828] AndroidManifest.xml:10:13-72
240            android:exported="false" />
240-->[com.squareup.picasso:picasso:2.71828] AndroidManifest.xml:11:13-37
241
242        <activity
242-->[com.yashoid:instacropper:1.0.6] AndroidManifest.xml:12:9-15:51
243            android:name="com.yashoid.instacropper.InstaCropperActivity"
243-->[com.yashoid:instacropper:1.0.6] AndroidManifest.xml:13:13-73
244            android:label="@string/instacropper_title"
244-->[com.yashoid:instacropper:1.0.6] AndroidManifest.xml:14:13-55
245            android:theme="@style/InstaCropper" />
245-->[com.yashoid:instacropper:1.0.6] AndroidManifest.xml:15:13-48
246    </application>
247
248</manifest>